{"clientVersion":"5.13.0","level":"error","name":"PrismaClientValidationError"}
{"clientVersion":"5.13.0","level":"error","name":"PrismaClientValidationError"}
{"level":"info","message":"Adding book by user with id: 3"}
{"clientVersion":"5.13.0","level":"error","name":"PrismaClientValidationError"}
{"level":"error","message":{"errorMessage":"\"id\" is not allowed","statusCode":400}}
{"level":"info","message":"Adding book by user with id: 3"}
{"clientVersion":"5.13.0","level":"error","name":"PrismaClientValidationError"}
{"level":"info","message":"Adding book by user with id: 3"}
{"level":"info","message":"Retrieving book with id: 1"}
{"level":"error","message":{"errorMessage":"\"publishDate\" is required","statusCode":400}}
{"clientVersion":"5.13.0","level":"error","name":"PrismaClientValidationError"}
{"clientVersion":"5.13.0","level":"error","name":"PrismaClientValidationError"}
{"clientVersion":"5.13.0","level":"error","name":"PrismaClientValidationError"}
{"clientVersion":"5.13.0","level":"error","name":"PrismaClientValidationError"}
{"level":"info","message":"Adding book by user with id: 3"}
{"level":"info","message":"Adding book by user with id: 3"}
{"clientVersion":"5.13.0","code":"P2002","level":"error","meta":{"modelName":"Book","target":"publisher_name_key"},"name":"PrismaClientKnownRequestError"}
{"level":"info","message":"Adding book by user with id: 3"}
{"clientVersion":"5.13.0","level":"error","name":"PrismaClientValidationError"}
{"clientVersion":"5.13.0","level":"error","name":"PrismaClientValidationError"}
{"level":"info","message":"Retrieving book with id: NaN"}
{"clientVersion":"5.13.0","level":"error","name":"PrismaClientValidationError"}
{"clientVersion":"5.13.0","level":"error","name":"PrismaClientValidationError"}
{"level":"error","message":{"errorMessage":"Book not found","statusCode":400}}
{"level":"info","message":"Retrieving publisher with id: 1"}
{"level":"error","message":{"errorMessage":"\"publisherName\" is not allowed","statusCode":400}}
{"level":"info","message":"Adding publisher by user with id: 3"}
{"level":"info","message":"Retrieving book with id: 1"}
{"level":"error","message":{"errorMessage":"No book with id.","statusCode":400}}
{"level":"info","message":"Adding publisher by user with id: 3"}
{"level":"info","message":"Retrieving publisher with id: 4"}
{"level":"info","message":"Retrieving publisher with id: NaN"}
{"clientVersion":"5.13.0","level":"error","name":"PrismaClientValidationError"}
{"level":"info","message":"Retrieving publisher with id: NaN"}
{"clientVersion":"5.13.0","level":"error","name":"PrismaClientValidationError"}
{"level":"info","message":"Adding author by user with id: 3"}
{"level":"info","message":"Adding author by user with id: 3"}
{"level":"info","message":"Retrieving author with id: NaN"}
{"clientVersion":"5.13.0","level":"error","name":"PrismaClientValidationError"}
{"clientVersion":"5.13.0","level":"error","name":"PrismaClientValidationError"}
{"clientVersion":"5.13.0","level":"error","name":"PrismaClientValidationError"}
{"clientVersion":"5.13.0","level":"error","name":"PrismaClientInitializationError"}
{"clientVersion":"5.13.0","level":"error","name":"PrismaClientValidationError"}
{"clientVersion":"5.13.0","level":"error","name":"PrismaClientValidationError"}
{"clientVersion":"5.13.0","level":"error","name":"PrismaClientValidationError"}
{"clientVersion":"5.13.0","level":"error","name":"PrismaClientValidationError"}
{"clientVersion":"5.13.0","level":"error","name":"PrismaClientValidationError"}
{"clientVersion":"5.13.0","level":"error","name":"PrismaClientValidationError"}
{"clientVersion":"5.13.0","level":"error","name":"PrismaClientValidationError"}
{"level":"info","message":"Retrieving publishers with city: NYC"}
{"clientVersion":"5.13.0","level":"error","name":"PrismaClientValidationError"}
{"level":"info","message":"Retrieving publishers with city: NYC"}
{"clientVersion":"5.13.0","level":"error","name":"PrismaClientValidationError"}
{"level":"info","message":"Retrieving authors on 1 page having maximum 10 records"}
{"level":"error"}
{"level":"info","message":"Retrieving authors on 1 page having maximum 10 records"}
{"clientVersion":"5.13.0","level":"error","name":"PrismaClientValidationError"}
{"level":"info","message":"Retrieving authors on NaN page having maximum NaN records"}
{"clientVersion":"5.13.0","level":"error","name":"PrismaClientValidationError"}
{"level":"info","message":"Retrieving authors on NaN page having maximum NaN records"}
{"clientVersion":"5.13.0","level":"error","name":"PrismaClientValidationError"}
{"level":"info","message":"Retrieving publishers with city: undefined"}
{"level":"info","message":"Retrieving publishers with city: undefined"}
{"level":"info","message":"Retrieving publishers with city: undefined"}
{"level":"info","message":"Retrieving authors on 2 page having maximum 2 records"}
{"level":"info","message":"Adding author by user with id: 3"}
{"clientVersion":"5.13.0","code":"P2002","level":"error","meta":{"modelName":"Author","target":"author_name_key"},"name":"PrismaClientKnownRequestError"}
{"level":"info","message":"Adding author by user with id: 3"}
{"clientVersion":"5.13.0","code":"P2002","level":"error","meta":{"modelName":"Author","target":"author_name_key"},"name":"PrismaClientKnownRequestError"}
{"level":"info","message":"Retrieving authors on 1 page having maximum 10 records"}
{"level":"info","message":"Retrieving authors on 2 page having maximum 1 records"}
{"level":"error","message":{"errorMessage":"\"authorNationality\" is required","statusCode":400}}
{"level":"info","message":"Adding book by user with id: 3"}
{"clientVersion":"5.13.0","code":"P2002","level":"error","meta":{"modelName":"Book","target":"author_name_key"},"name":"PrismaClientKnownRequestError"}
{"level":"info","message":"Adding book by user with id: 3"}
{"clientVersion":"5.13.0","code":"P2002","level":"error","meta":{"modelName":"Book","target":"author_name_key"},"name":"PrismaClientKnownRequestError"}
{"level":"info","message":"Adding book by user with id: 3"}
{"level":"info","message":"Adding book by user with id: 3"}
{"level":"info","message":"Retrieving books with price between 10 and 20"}
{"level":"info","message":"Retrieving books with price between 10 and 20"}
{"level":"error","message":{"errorMessage":"\"upperPrice\" is required","statusCode":400}}
{"level":"info","message":"Retrieving books with price between 10 and 20"}
{"level":"error","message":{"errorMessage":"\"upperPrice\" is required","statusCode":400}}
{"level":"info","message":"Retrieving book with id: 5"}
{"level":"error","message":{"errorMessage":"\"id\" must be an integer","statusCode":400}}
{"level":"error","message":{"errorMessage":"\"id\" must be a number","statusCode":400}}
{"level":"info","message":"Updating book with id: 4"}
{"clientVersion":"5.13.0","level":"error","name":"PrismaClientValidationError"}
{"level":"error","message":{"errorMessage":"\"id\" must be an integer","statusCode":400}}
{"level":"info","message":"Updating book with id: 4"}
{"level":"error","message":{"errorMessage":"\"id\" must be an integer","statusCode":400}}
{"level":"error","message":{"errorMessage":"\"id\" must be an integer","statusCode":400}}
{"level":"error","message":{"errorMessage":"\"title\" is required","statusCode":400}}
{"level":"error","message":{"errorMessage":"\"city\" is required","statusCode":400}}
{"level":"error","message":{"errorMessage":"\"page\" is required","statusCode":400}}
{"level":"error","message":{"errorMessage":"\"price\" is not allowed","statusCode":400}}
{"level":"error","message":{"errorMessage":"\"id\" must be an integer","statusCode":400}}
{"level":"error","message":{"errorMessage":"\"id\" must be a number","statusCode":400}}
{"level":"error","message":{"errorMessage":"\"price\" is not allowed","statusCode":400}}
{"level":"info","message":"Retrieving author with id: 3"}
{"level":"info","message":"Retrieving author with id: 2"}
{"level":"error","message":{"errorMessage":"No author with id.","statusCode":400}}
{"level":"error","message":{"errorMessage":"\"password\" length must be at least 8 characters long","statusCode":400}}
{"level":"error","message":{"errorMessage":"\"email\" is not allowed","statusCode":400}}
{"level":"error","message":{"errorMessage":"\"email\" is not allowed","statusCode":400}}
{"level":"error","message":{"errorMessage":"\"role\" must be one of [admin, customer, moderator]","statusCode":400}}
{"level":"error","message":{"errorMessage":"\"email\" is not allowed","statusCode":400}}
{"level":"info","message":"Creating user."}
{"level":"error","message":{"errorMessage":"\"password\" length must be at least 8 characters long","statusCode":400}}
{"level":"info","message":"Signing in user with username: AnaMaria"}
{"level":"error","message":{"errorMessage":"Not allowed","statusCode":403}}
{"level":"info","message":"Signing in user with username: AnaMaria"}
{"level":"error","message":{"errorMessage":"Unauthorized","statusCode":401}}
{"level":"info","message":"Signing in user with username: AnaMaria"}
{"level":"info","message":"Signing in user with username: AnaMaria"}
{"level":"info","message":"Signing in user with username: AnaMaria"}
{"level":"info","message":"Signing in user with username: AnaMaria"}
{"level":"info","message":"Retrieving profile for signed in user"}
{"clientVersion":"5.13.0","level":"error","name":"PrismaClientValidationError"}
{"level":"info","message":"Retrieving profile for signed in user"}
{"clientVersion":"5.13.0","level":"error","name":"PrismaClientValidationError"}
{"level":"info","message":"Retrieving profile for signed in user"}
{"clientVersion":"5.13.0","level":"error","name":"PrismaClientValidationError"}
{"level":"info","message":"Retrieving profile for signed in user"}
{"clientVersion":"5.13.0","level":"error","name":"PrismaClientValidationError"}
{"level":"info","message":"Retrieving profile for signed in user"}
{"clientVersion":"5.13.0","level":"error","name":"PrismaClientValidationError"}
{"level":"info","message":"Retrieving profile for signed in user"}
{"level":"error","message":{"errorMessage":"Token expired","statusCode":403}}
{"level":"info","message":"Signing in user with username: AnaMaria"}
{"level":"error","message":{"errorMessage":"Cannot find user.","statusCode":400}}
{"level":"info","message":"Creating user."}
{"level":"info","message":"Signing in user with username: AnaMaria"}
{"level":"error","message":{"errorMessage":"Token expired","statusCode":403}}
{"level":"info","message":"Signing in user with username: AnaMaria"}
{"level":"info","message":"Signing in user with username: AnaMaria"}
{"level":"info","message":"Signing in user with username: AnaMaria"}
{"level":"info","message":"Creating user."}
{"clientVersion":"5.13.0","code":"P2002","level":"error","meta":{"modelName":"User","target":"user_username_key"},"name":"PrismaClientKnownRequestError"}
{"level":"info","message":"Creating user."}
{"clientVersion":"5.13.0","code":"P2002","level":"error","meta":{"modelName":"User","target":"user_email_key"},"name":"PrismaClientKnownRequestError"}
{"level":"info","message":"Creating user."}
{"level":"info","message":"Signing in user with username: AnaMaria2"}
{"level":"info","message":"Signing in user with username: AnaMaria2"}
{"level":"info","message":"Signing in user with username: AnaMaria2"}
{"level":"info","message":"Signing in user with username: AnaMaria2"}
{"level":"info","message":"Signing in user with username: AnaMaria2"}
{"level":"info","message":"Signing in user with username: AnaMaria2"}
{"level":"info","message":"Signing in user with username: AnaMaria2"}
{"level":"info","message":"Signing in user with username: AnaMaria2"}
{"level":"info","message":"Signing in user with username: AnaMaria2"}
{"level":"info","message":"Signing in user with username: AnaMaria2"}
{"level":"info","message":"Signing in user with username: AnaMaria"}
{"level":"info","message":"Signing in user with username: AnaMaria"}
{"level":"info","message":"Signing in user with username: AnaMaria"}
{"level":"info","message":"Signing in user with username: AnaMaria"}
{"level":"info","message":"Retrieving profile for signed in user"}
{"level":"info","message":"Logging out user"}
{"level":"error"}
{"level":"info","message":"Logging out user"}
{"level":"info","message":"Logging out user"}
{"clientVersion":"5.13.0","code":"P2002","level":"error","meta":{"modelName":"BlacklistedToken","target":"BlacklistedToken_token_key"},"name":"PrismaClientKnownRequestError"}
{"level":"info","message":"Retrieving profile for signed in user"}
{"level":"info","message":"Retrieving profile for signed in user"}
{"level":"info","message":"Logging out user"}
{"clientVersion":"5.13.0","code":"P2002","level":"error","meta":{"modelName":"BlacklistedToken","target":"BlacklistedToken_token_key"},"name":"PrismaClientKnownRequestError"}
{"level":"info","message":"Retrieving profile for signed in user"}
{"level":"info","message":"Retrieving profile for signed in user"}
{"level":"info","message":"Retrieving profile for signed in user"}
{"level":"info","message":"Logging out user"}
{"clientVersion":"5.13.0","code":"P2002","level":"error","meta":{"modelName":"BlacklistedToken","target":"BlacklistedToken_token_key"},"name":"PrismaClientKnownRequestError"}
{"level":"error","message":{"errorMessage":"Token has been blacklisted","statusCode":401}}
{"level":"info","message":"Logging out user"}
{"level":"error","message":{"errorMessage":"Token has been blacklisted","statusCode":401}}
{"level":"error","message":{"errorMessage":"Token expired","statusCode":403}}
{"level":"info","message":"Signing in user with username: AnaMaria"}
{"level":"info","message":"Retrieving profile for signed in user"}
{"level":"info","message":"Retrieving profile for signed in user"}
{"level":"info","message":"Retrieving book with id: 4"}
{"level":"error","message":{"errorMessage":"No book with id.","statusCode":400}}
{"level":"info","message":"Retrieving book with id: 5"}
{"level":"error","message":{"errorMessage":"No book with id.","statusCode":400}}
{"level":"info","message":"Retrieving book with id: 1"}
{"level":"error","message":{"errorMessage":"No book with id.","statusCode":400}}
{"level":"info","message":"Retrieving book with id: 2"}
{"level":"error","message":{"errorMessage":"No book with id.","statusCode":400}}
{"level":"info","message":"Adding book."}
{"level":"info","message":"Retrieving book with id: 1"}
{"level":"info","message":"Retrieving book with id: 4"}
{"level":"error","message":{"errorMessage":"No book with id.","statusCode":400}}
{"level":"error","message":{"errorMessage":"\"upperPrice\" is required","statusCode":400}}
{"level":"error","message":{"errorMessage":"\"upperPrice\" is required","statusCode":400}}
{"level":"info","message":"Retrieving books with price between 40 and 200"}
{"level":"info","message":"Retrieving books with price between 200 and 201"}
{"level":"info","message":"Retrieving books with price between 201 and 200"}
{"level":"info","message":"Retrieving books with price between 201 and 200"}
{"level":"info","message":"Retrieving books with price between 199 and 200"}
{"level":"info","message":"Retrieving books with price between 199 and 200"}
{"level":"info","message":"Retrieving books with price between 199 and 200"}
{"level":"info","message":"Retrieving books with price between 199 and 200"}
{"level":"info","message":"Retrieving books with price between 199 and 200"}
{"level":"info","message":"Retrieving books with price between 199 and 200"}
{"level":"info","message":"Retrieving books with price between 199 and 200"}
{"level":"info","message":"Retrieving books with price between 199 and 200"}
{"level":"info","message":"Retrieving books with price between 199 and 200"}
{"level":"error","message":{"errorMessage":"No books found with price range: 199 - 200","statusCode":400}}
{"level":"error","message":{"errorMessage":"\"lowerPrice\" must be a positive number","statusCode":400}}
{"level":"info","message":"Retrieving books with price between 0.1 and 20"}
{"level":"info","message":"Retrieving books with price between 0.1 and 200"}
{"level":"info","message":"Retrieving books with price between 0.1 and 200"}
{"level":"error","message":{"errorMessage":"\"upperPrice\" must be greater than or equal to ref:lowerPrice","statusCode":400}}
{"level":"info","message":"Retrieving books with price between 0 and 200"}
{"level":"error","message":{"errorMessage":"\"lowerPrice\" must be greater than or equal to 0","statusCode":400}}
{"level":"error","message":{"errorMessage":"\"username\" is required","statusCode":400}}
{"level":"error","message":{"errorMessage":"\"username\" is required","statusCode":400}}
{"level":"error","message":{"errorMessage":"\"username\" is required","statusCode":400}}
{"code":"LIMIT_UNEXPECTED_FILE","field":"profileImage","level":"error","message":"Unexpected field","name":"MulterError","storageErrors":[]}
{"code":"LIMIT_UNEXPECTED_FILE","field":"profileImage","level":"error","message":"Unexpected field","name":"MulterError","storageErrors":[]}
{"level":"error","message":{"errorMessage":"\"role\" is required","statusCode":400}}
{"level":"info","message":"Creating user."}
{"level":"error","message":{"errorMessage":"\"username\" is required","statusCode":400}}
{"level":"error","message":{"errorMessage":"\"username\" is required","statusCode":400}}
{"level":"info","message":"Signing in user with username: Ana"}
{"level":"info","message":"Retrieving profile for signed in user"}
{"level":"info","message":"Retrieving profile for signed in user"}
{"level":"error"}
{"level":"info","message":"Retrieving profile for signed in user"}
{"level":"info","message":"Retrieving profile for signed in user"}
{"level":"info","message":"Creating user."}
{"level":"info","message":"Retrieving profile for signed in user"}
{"level":"info","message":"Retrieving profile for signed in user"}
{"level":"info","message":"Creating user."}
{"clientVersion":"5.13.0","code":"P2002","level":"error","meta":{"modelName":"User","target":"user_username_key"},"name":"PrismaClientKnownRequestError"}
{"level":"info","message":"Creating user."}
{"clientVersion":"5.13.0","code":"P2002","level":"error","meta":{"modelName":"User","target":"user_email_key"},"name":"PrismaClientKnownRequestError"}
{"level":"info","message":"Creating user."}
{"level":"info","message":"Retrieving profile for signed in user"}
{"level":"info","message":"Creating user."}
{"level":"info","message":"Retrieving profile for signed in user"}
{"level":"info","message":"Creating user."}
{"level":"info","message":"Signing in user with username: customer"}
{"level":"info","message":"Retrieving profile for signed in user"}
{"level":"error","message":{"errorMessage":"No token provided","statusCode":401}}
{"level":"error","message":{"errorMessage":"No token provided","statusCode":401}}
{"level":"error","message":{"errorMessage":"\"publishDate\" is required","statusCode":400}}
{"level":"error","message":{"errorMessage":"\"authorName\" is required","statusCode":400}}
{"level":"info","message":"Adding book."}
{"clientVersion":"5.13.0","level":"error","name":"PrismaClientValidationError"}
{"level":"info","message":"Adding book."}
{"clientVersion":"5.13.0","level":"error","name":"PrismaClientValidationError"}
{"level":"info","message":"Adding book."}
{"clientVersion":"5.13.0","level":"error","name":"PrismaClientValidationError"}
{"level":"info","message":"Adding book."}
{"clientVersion":"5.13.0","level":"error","name":"PrismaClientValidationError"}
{"level":"info","message":"Adding book."}
{"level":"info","message":"Adding book."}
{"level":"info","message":"Adding book."}
{"body":"\n\n\n\n\r\n{\r\n    \"title\": \"book1\",\r\n    \"genre\": \"drama\",\r\n    \"publishDate\": \"2023-05-05\",\r\n    \"price\": 200,\r\n    \"authorName\": \"autor2\",\r\n    \"authorNationality\": \"nationality2\",\r\n    \"publisherName\": \"publisher2\",\r\n    \"publisherCity\": \"city2\",\r\n    \"publisherPhone\": \"1234567890\"\r\n    \"publisherId\": 1\r\n}","expose":true,"level":"error","status":400,"statusCode":400,"type":"entity.parse.failed"}
{"level":"info","message":"Adding book."}
{"level":"info","message":"Adding book."}
{"level":"error","message":{"errorMessage":"Cannot create book without author information.","statusCode":400}}
{"level":"info","message":"Adding book."}
{"level":"error","message":{"errorMessage":"Error encountered in publisher data.","statusCode":400}}
{"level":"info","message":"Adding book."}
{"level":"error","message":{"errorMessage":"Error encountered in author data.","statusCode":400}}
{"level":"info","message":"Adding book."}
{"level":"error","message":{"errorMessage":"Error encountered in publisher data.","statusCode":400}}
{"level":"info","message":"Adding book."}
{"level":"error","message":{"errorMessage":"Error encountered in author data.","statusCode":400}}
{"level":"info","message":"Adding book."}
{"level":"error","message":{"errorMessage":"Not enough information for author.","statusCode":400}}
{"level":"info","message":"Adding book."}
{"clientVersion":"5.13.0","code":"P2002","level":"error","meta":{"modelName":"Book","target":"publisher_name_key"},"name":"PrismaClientKnownRequestError"}
{"level":"info","message":"Adding book."}
{"clientVersion":"5.13.0","code":"P2002","level":"error","meta":{"modelName":"Book","target":"publisher_name_key"},"name":"PrismaClientKnownRequestError"}
{"level":"info","message":"Adding book."}
{"level":"info","message":"Adding book."}
{"level":"error","message":{"errorMessage":"Not enough information for author.","statusCode":400}}
{"level":"info","message":"Adding book."}
{"level":"info","message":"Adding book."}
{"level":"info","message":"Adding book."}
{"level":"error","message":{"errorMessage":"Not enough information for author.","statusCode":400}}
{"level":"info","message":"Adding book."}
{"level":"error","message":{"errorMessage":"Not enough information for author.","statusCode":400}}
{"level":"info","message":"Adding book."}
{"level":"info","message":"Adding book."}
{"level":"error","message":{"errorMessage":"Token expired","statusCode":403}}
{"level":"info","message":"Signing in user with username: customer"}
{"level":"info","message":"Signing in user with username: customer"}
{"level":"info","message":"Signing in user with username: customer"}
{"level":"info","message":"Adding book."}
{"level":"error","message":{"errorMessage":"\"lowerPrice\" must be greater than or equal to 0","statusCode":400}}
{"level":"error","message":{"errorMessage":"\"authorName\" is not allowed","statusCode":400}}
{"level":"error","message":{"errorMessage":"\"authorId\" is not allowed","statusCode":400}}
{"level":"info","message":"Updating book with id: 5"}
{"level":"info","message":"Updating book with id: 5"}
{"level":"info","message":"Retrieving book with id: 5"}
{"level":"error","message":{"errorMessage":"Token expired","statusCode":403}}
{"level":"info","message":"Signing in user with username: customer"}
{"level":"info","message":"Updating book with id: 5"}
{"level":"info","message":"Adding book."}
{"level":"info","message":"Retrieving books with price between 100 and 200"}
{"level":"error","message":{"errorMessage":"No books found with price range: 100 - 200","statusCode":404}}
{"level":"info","message":"Retrieving books with price between 90 and 200"}
{"level":"info","message":"Retrieving books with price between 90 and 600"}
